Base path: C:/Program Files/Unity/Editor/Data
Pipe name: \\.\pipe\UnityShaderCompiler-64bit-1-20840
Cmd: getPlatforms
Cmd: preprocess
  insize=2379 outsize=1092 ok=1
Cmd: compileSnippet
  api=4 type=0 insize=1589 outsize=1290 kw=SOFTPARTICLES_OFF pd= ok=1
Cmd: compileSnippet
  api=4 type=1 insize=1589 outsize=924 kw=SOFTPARTICLES_OFF pd= ok=1
Cmd: preprocess
  insize=2237 outsize=975 ok=1
Cmd: compileSnippet
  api=4 type=0 insize=1561 outsize=1290 kw=SOFTPARTICLES_OFF pd= ok=1
Cmd: compileSnippet
  api=4 type=1 insize=1561 outsize=868 kw=SOFTPARTICLES_OFF pd= ok=1
Cmd: preprocess
  insize=2274 outsize=1036 ok=1
Cmd: compileSnippet
  api=4 type=0 insize=1537 outsize=1290 kw=SOFTPARTICLES_OFF pd= ok=1
Cmd: compileSnippet
  api=4 type=1 insize=1537 outsize=924 kw=SOFTPARTICLES_OFF pd= ok=1
Cmd: compileSnippet
  api=4 type=0 insize=1642 outsize=1290 kw=SOFTPARTICLES_OFF pd= ok=1
Cmd: compileSnippet
  api=4 type=1 insize=1642 outsize=924 kw=SOFTPARTICLES_OFF pd= ok=1
Cmd: compileSnippet
  api=4 type=0 insize=3985 outsize=2679 kw= pd= ok=1
Cmd: compileSnippet
  api=4 type=1 insize=3985 outsize=770 kw= pd= ok=1
Cmd: compileSnippet
  api=4 type=0 insize=1705 outsize=1290 kw=SOFTPARTICLES_OFF pd= ok=1
Cmd: compileSnippet
  api=4 type=1 insize=1705 outsize=924 kw=SOFTPARTICLES_OFF pd= ok=1
Cmd: compileSnippet
  api=4 type=0 insize=1470 outsize=1274 kw= pd= ok=1
Cmd: compileSnippet
  api=4 type=1 insize=1470 outsize=770 kw= pd= ok=1
Cmd: compileSnippet
  api=4 type=0 insize=1704 outsize=1347 kw= pd= ok=1
Cmd: compileSnippet
  api=4 type=1 insize=1704 outsize=1014 kw= pd= ok=1
Cmd: compileSnippet
  api=4 type=0 insize=1482 outsize=1290 kw=SOFTPARTICLES_OFF pd= ok=1
Cmd: compileSnippet
  api=4 type=1 insize=1482 outsize=827 kw=SOFTPARTICLES_OFF pd= ok=1
Cmd: compileSnippet
  api=4 type=0 insize=13030 outsize=11024 kw=UNITY_COLORSPACE_GAMMA _SUNDISK_SIMPLE pd= ok=1
Cmd: compileSnippet
  api=4 type=1 insize=13030 outsize=1899 kw=UNITY_COLORSPACE_GAMMA _SUNDISK_SIMPLE pd= ok=1
